<?xml version="1.0" encoding="UTF-8"?>
<!-- Generated by org.testng.reporters.JUnitReportReporter -->
<testsuite hostname="ameera-jayakumar-m" failures="0" tests="1" name="assignment9.UserRegister" time="24.471" errors="0" timestamp="2020-08-21T21:26:37 IST" skipped="0">
  <testcase classname="assignment9.UserRegister" name="TestCase06" time="24.471"/>
  <system-out/>
</testsuite> <!-- assignment9.UserRegister -->
