<?xml version="1.0" encoding="UTF-8"?>
<!-- Generated by org.testng.reporters.JUnitReportReporter -->
<testsuite hostname="ameera-jayakumar-m" failures="0" tests="1" name="assignment2.TestCase01" time="10.697" errors="0" timestamp="2020-08-08T13:41:05 IST" skipped="0">
  <testcase classname="assignment2.TestCase01" name="TestCaseOne" time="10.697"/>
  <system-out/>
</testsuite> <!-- assignment2.TestCase01 -->
