<?xml version="1.0" encoding="UTF-8"?>
<!-- Generated by org.testng.reporters.JUnitReportReporter -->
<testsuite hostname="ameera-jayakumar-m" failures="0" tests="3" name="assignment4.TestCaseEbay" time="16.227" errors="0" timestamp="2020-08-10T20:32:36 IST" skipped="0">
  <testcase classname="assignment4.TestCaseEbay" name="openURL" time="4.448"/>
  <system-out/>
  <testcase classname="assignment4.TestCaseEbay" name="searchProduct" time="1.847"/>
  <system-out/>
  <testcase classname="assignment4.TestCaseEbay" name="testCase01" time="9.932"/>
  <system-out/>
</testsuite> <!-- assignment4.TestCaseEbay -->
