<?xml version="1.0" encoding="UTF-8"?>
<!-- Generated by org.testng.reporters.JUnitReportReporter -->
<testsuite hostname="ameera-jayakumar-m" failures="0" tests="1" name="assignment7.DragnDrop" time="6.171" errors="0" timestamp="2020-08-11T20:59:39 IST" skipped="0">
  <testcase classname="assignment7.DragnDrop" name="openURL" time="6.171"/>
  <system-out/>
</testsuite> <!-- assignment7.DragnDrop -->
