<?xml version="1.0" encoding="UTF-8"?>
<!-- Generated by org.testng.reporters.JUnitReportReporter -->
<testsuite hostname="ameera-jayakumar-m" failures="0" tests="2" name="assignment5.Snapdeal" time="14.867" errors="0" timestamp="2020-08-10T21:31:59 IST" skipped="0">
  <testcase classname="assignment5.Snapdeal" name="openURL" time="4.188"/>
  <system-out/>
  <testcase classname="assignment5.Snapdeal" name="testCase" time="10.679"/>
  <system-out/>
</testsuite> <!-- assignment5.Snapdeal -->
