<?xml version="1.0" encoding="UTF-8"?>
<!-- Generated by org.testng.reporters.JUnitReportReporter -->
<testsuite hostname="ameera-jayakumar-m" failures="0" tests="1" name="assignment9.GoogleSearch" time="5.101" errors="0" timestamp="2020-08-19T20:28:33 IST" skipped="0">
  <testcase classname="assignment9.GoogleSearch" name="TestCase01" time="5.101"/>
  <system-out/>
</testsuite> <!-- assignment9.GoogleSearch -->
