<?xml version="1.0" encoding="UTF-8"?>
<!-- Generated by org.testng.reporters.JUnitReportReporter -->
<testsuite hostname="ameera-jayakumar-m" failures="0" tests="1" name="assignment1.TestCases" time="12.678" errors="0" timestamp="2020-08-07T18:21:29 IST" skipped="0">
  <testcase classname="assignment1.TestCases" name="TestCaseOne" time="12.678"/>
  <system-out/>
</testsuite> <!-- assignment1.TestCases -->
