<?xml version="1.0" encoding="UTF-8"?>
<!-- Generated by org.testng.reporters.JUnitReportReporter -->
<testsuite hostname="ameera-jayakumar-m" failures="0" tests="1" name="assignment3.LinksOnPage" time="9.850" errors="0" timestamp="2020-08-11T19:10:49 IST" skipped="0">
  <testcase classname="assignment3.LinksOnPage" name="openURL" time="9.850"/>
  <system-out/>
</testsuite> <!-- assignment3.LinksOnPage -->
