<?xml version="1.0" encoding="UTF-8"?>
<!-- Generated by org.testng.reporters.JUnitReportReporter -->
<testsuite hostname="ameera-jayakumar-m" failures="0" tests="5" name="assignment9.GoDaddy" time="4.732" errors="0" timestamp="2020-08-15T13:16:58 IST" skipped="0">
  <testcase classname="assignment9.GoDaddy" name="openURL" time="4.516"/>
  <system-out/>
  <testcase classname="assignment9.GoDaddy" name="getPageSource" time="0.191"/>
  <system-out/>
  <testcase classname="assignment9.GoDaddy" name="getTitle" time="0.012"/>
  <system-out/>
  <testcase classname="assignment9.GoDaddy" name="getPageURL" time="0.005"/>
  <system-out/>
  <testcase classname="assignment9.GoDaddy" name="maximizeWindow" time="0.008"/>
  <system-out/>
</testsuite> <!-- assignment9.GoDaddy -->
