<?xml version="1.0" encoding="UTF-8"?>
<!-- Generated by org.testng.reporters.JUnitReportReporter -->
<testsuite hostname="ameera-jayakumar-m" failures="0" tests="3" name="assignment9.Amazon" time="19.763" errors="0" timestamp="2020-08-17T20:44:06 IST" skipped="0">
  <testcase classname="assignment9.Amazon" name="TestCase01" time="6.191"/>
  <system-out/>
  <testcase classname="assignment9.Amazon" name="TestCase02" time="9.343"/>
  <system-out/>
  <testcase classname="assignment9.Amazon" name="TestCase03" time="4.229"/>
  <system-out/>
</testsuite> <!-- assignment9.Amazon -->
