<?xml version="1.0" encoding="UTF-8"?>
<!-- Generated by org.testng.reporters.JUnitReportReporter -->
<testsuite hostname="ameera-jayakumar-m" failures="0" tests="1" name="assignment9.AboutMe" time="35.963" errors="0" timestamp="2020-08-19T20:13:33 IST" skipped="0">
  <testcase classname="assignment9.AboutMe" name="TestCase01" time="35.963"/>
  <system-out/>
</testsuite> <!-- assignment9.AboutMe -->
