<?xml version="1.0" encoding="UTF-8"?>
<!-- Generated by org.testng.reporters.JUnitReportReporter -->
<testsuite hostname="ameera-jayakumar-m" failures="0" tests="1" name="assignment6.Flipkart" time="9.871" errors="0" timestamp="2020-08-11T20:41:15 IST" skipped="0">
  <testcase classname="assignment6.Flipkart" name="openURL" time="9.871"/>
  <system-out/>
</testsuite> <!-- assignment6.Flipkart -->
